*ERROR* 	2017/02/21 - 03:10:24: Property Cart->id_currency is empty at line 909 in file classes/ObjectModel.php
*ERROR* 	2017/02/21 - 03:30:54: Table 'amadoudiop.com.ps_target_table' doesn't exist<br /><br /><pre>UPDATE `ps_target_table` SET `id_cart` = '16',`signature` = 'image/jsignature;base30,6J000000000034479964210Zcjlolhd95Y2d1w1M2y1P1Xff6_5zZ9dhdhee756Y4dkonjcd75500Z1000000bg1v1z1vjk573'</pre> at line 791 in file classes/db/Db.php
*ERROR* 	2017/02/21 - 03:31:04: Table 'amadoudiop.com.ps_target_table' doesn't exist<br /><br /><pre>UPDATE `ps_target_table` SET `id_cart` = '16',`signature` = 'image/jsignature;base30,6J000000000034479964210Zcjlolhd95Y2d1w1M2y1P1Xff6_5zZ9dhdhee756Y4dkonjcd75500Z1000000bg1v1z1vjk573_3H_7F'</pre> at line 791 in file classes/db/Db.php
*ERROR* 	2017/02/21 - 03:32:07: Table 'amadoudiop.com.ps_target_table' doesn't exist<br /><br /><pre>UPDATE `ps_target_table` SET `id_cart` = '16',`signature` = 'image/jsignature;base30,6J000000000034479964210Zcjlolhd95Y2d1w1M2y1P1Xff6_5zZ9dhdhee756Y4dkonjcd75500Z1000000bg1v1z1vjk573_3H_7F'</pre> at line 791 in file classes/db/Db.php
*ERROR* 	2017/02/21 - 03:32:38: Duplicate entry '16' for key 'PRIMARY'<br /><br /><pre>UPDATE `ps_cart` SET `id_cart` = '16',`signature` = 'image/jsignature;base30,3O000000000022345533100Z7acec9853Y18ir1At1y893_2WZ5898988433Y27cddb7743300Z100000069ijibb342_1W_4z'</pre> at line 791 in file classes/db/Db.php
*ERROR* 	2017/02/21 - 03:37:29: You have an error in your SQL syntax; check the manual that corresponds to your MariaDB server version for the right syntax to use near 'WHERE 16' at line 1<br /><br /><pre>UPDATE `ps_cart` SET  WHERE 16</pre> at line 791 in file classes/db/Db.php
*ERROR* 	2017/02/21 - 03:41:58: You have an error in your SQL syntax; check the manual that corresponds to your MariaDB server version for the right syntax to use near 'WHERE 16' at line 1<br /><br /><pre>UPDATE `ps_cart` SET  WHERE 16</pre> at line 791 in file classes/db/Db.php
*ERROR* 	2017/02/21 - 03:42:07: You have an error in your SQL syntax; check the manual that corresponds to your MariaDB server version for the right syntax to use near 'WHERE 16' at line 1<br /><br /><pre>UPDATE `ps_cart` SET  WHERE 16</pre> at line 791 in file classes/db/Db.php
*ERROR* 	2017/02/21 - 03:46:50: You have an error in your SQL syntax; check the manual that corresponds to your MariaDB server version for the right syntax to use near 'WHERE id_cart =16' at line 1<br /><br /><pre>UPDATE `ps_cart` SET  WHERE id_cart =16</pre> at line 791 in file classes/db/Db.php
*ERROR* 	2017/02/21 - 03:46:52: You have an error in your SQL syntax; check the manual that corresponds to your MariaDB server version for the right syntax to use near 'WHERE id_cart =16' at line 1<br /><br /><pre>UPDATE `ps_cart` SET  WHERE id_cart =16</pre> at line 791 in file classes/db/Db.php
*ERROR* 	2017/02/21 - 03:47:06: You have an error in your SQL syntax; check the manual that corresponds to your MariaDB server version for the right syntax to use near 'WHERE id_cart =16' at line 1<br /><br /><pre>UPDATE `ps_cart` SET  WHERE id_cart =16</pre> at line 791 in file classes/db/Db.php
*ERROR* 	2017/02/21 - 03:49:00: You have an error in your SQL syntax; check the manual that corresponds to your MariaDB server version for the right syntax to use near 'WHERE id_cart = 16' at line 1<br /><br /><pre>UPDATE `ps_cart` SET  WHERE id_cart = 16</pre> at line 791 in file classes/db/Db.php
*ERROR* 	2017/02/21 - 03:49:03: You have an error in your SQL syntax; check the manual that corresponds to your MariaDB server version for the right syntax to use near 'WHERE id_cart = 16' at line 1<br /><br /><pre>UPDATE `ps_cart` SET  WHERE id_cart = 16</pre> at line 791 in file classes/db/Db.php
*ERROR* 	2017/02/21 - 03:49:53: You have an error in your SQL syntax; check the manual that corresponds to your MariaDB server version for the right syntax to use near 'WHERE id_cart = 16' at line 1<br /><br /><pre>UPDATE `ps_cart` SET  WHERE id_cart = 16</pre> at line 791 in file classes/db/Db.php
*ERROR* 	2017/02/21 - 03:56:16: Unknown column 'Array' in 'where clause'<br /><br /><pre>UPDATE `ps_cart` SET `0` = 'signature',`1` = 'image/jsignature;base30,6J000000000034479964210Zcjlolhd95Y2d1w1M2y1P1Xff6_5zZ9dhdhee756Y4dkonjcd75500Z1000000bg1v1z1vjk573_3H_7F' WHERE Array</pre> at line 791 in file classes/db/Db.php
*ERROR* 	2017/02/21 - 03:56:21: Unknown column 'Array' in 'where clause'<br /><br /><pre>UPDATE `ps_cart` SET `0` = 'signature',`1` = 'image/jsignature;base30,6J000000000034479964210Zcjlolhd95Y2d1w1M2y1P1Xff6_5zZ9dhdhee756Y4dkonjcd75500Z1000000bg1v1z1vjk573_3H_7F' WHERE Array</pre> at line 791 in file classes/db/Db.php
*ERROR* 	2017/02/21 - 03:57:02: Unknown column 'Array' in 'where clause'<br /><br /><pre>UPDATE `ps_cart` SET `0` = 'signature',`1` = 'image/jsignature;base30,4L000000000023356643200Z8dfhfc964Y29m1y1J1A1Fba4_3NZ79c9c9a544Y39ehgd9953400Z10000008bmomde452_2G_5z' WHERE Array</pre> at line 791 in file classes/db/Db.php
*ERROR* 	2017/02/21 - 03:57:06: Unknown column 'Array' in 'where clause'<br /><br /><pre>UPDATE `ps_cart` SET `0` = 'signature',`1` = 'image/jsignature;base30,4L000000000023356643200Z8dfhfc964Y29m1y1J1A1Fba4_3NZ79c9c9a544Y39ehgd9953400Z10000008bmomde452_2G_5z' WHERE Array</pre> at line 791 in file classes/db/Db.php
*ERROR* 	2017/02/21 - 03:58:59: Unknown column '0' in 'field list'<br /><br /><pre>UPDATE `ps_cart` SET `0` = 'signature',`1` = 'image/jsignature;base30,6J000000000034479964210Zcjlolhd95Y2d1w1M2y1P1Xff6_5zZ9dhdhee756Y4dkonjcd75500Z1000000bg1v1z1vjk573_3H_7F' WHERE id_cart=16</pre> at line 791 in file classes/db/Db.php
*ERROR* 	2017/02/21 - 03:59:13: Unknown column '0' in 'field list'<br /><br /><pre>UPDATE `ps_cart` SET `0` = 'signature',`1` = 'image/jsignature;base30,' WHERE id_cart=16</pre> at line 791 in file classes/db/Db.php
*ERROR* 	2017/02/21 - 04:01:23: Unknown column '0' in 'field list'<br /><br /><pre>UPDATE `ps_cart` SET `0` = 'signature',`1` = 'image/jsignature;base30,' WHERE id_cart=16</pre> at line 791 in file classes/db/Db.php
*ERROR* 	2017/02/21 - 04:03:04: You have an error in your SQL syntax; check the manual that corresponds to your MariaDB server version for the right syntax to use near 'WHERE id_cart=16' at line 1<br /><br /><pre>UPDATE `ps_cart` SET  WHERE id_cart=16</pre> at line 791 in file classes/db/Db.php
*ERROR* 	2017/02/21 - 04:06:55: Unknown column '0' in 'field list'<br /><br /><pre>UPDATE `ps_cart` SET `0` = 'signature',`1` = 'image/jsignature;base30,4uZ145721000Y3768b89242Z9ciddb5750Y2bi1v1wje953_4AZ79dncc763Y6hfhkaa422012120100Z88gehf96421' WHERE id_cart=16</pre> at line 791 in file classes/db/Db.php
